Flow report for L3
Fri Sep 29 20:19:27 2017
Quartus II Version 9.1 Build 222 10/21/2009 SJ Web Edition


---------------------
; Table of Contents ;
---------------------
  1. Legal Notice
  2. Flow Summary
  3. Flow Settings
  4. Flow Non-Default Global Settings
  5. Flow Elapsed Time
  6. Flow OS Summary
  7. Flow Log



----------------
; Legal Notice ;
----------------
Copyright (C) 1991-2009 Altera Corporation
Your use of Altera Corporation's design tools, logic functions 
and other software and tools, and its AMPP partner logic 
functions, and any output files from any of the foregoing 
(including device programming or simulation files), and any 
associated documentation or information are expressly subject 
to the terms and conditions of the Altera Program License 
Subscription Agreement, Altera MegaCore Function License 
Agreement, or other applicable license agreement, including, 
without limitation, that your use is for the sole purpose of 
programming logic devices manufactured by Altera and sold by 
Altera or its authorized distributors.  Please refer to the 
applicable agreement for further details.



+--------------------------------------------------------------------+
; Flow Summary                                                       ;
+--------------------------+-----------------------------------------+
; Flow Status              ; Successful - Fri Sep 29 20:19:27 2017   ;
; Quartus II Version       ; 9.1 Build 222 10/21/2009 SJ Web Edition ;
; Revision Name            ; L3                                      ;
; Top-level Entity Name    ; L3                                      ;
; Family                   ; Stratix                                 ;
; Met timing requirements  ; N/A                                     ;
; Total logic elements     ; 50                                      ;
; Total pins               ; 42                                      ;
; Total virtual pins       ; 0                                       ;
; Total memory bits        ; 3,072                                   ;
; DSP block 9-bit elements ; 0                                       ;
; Total PLLs               ; 0                                       ;
; Total DLLs               ; 0                                       ;
+--------------------------+-----------------------------------------+


+-----------------------------------------+
; Flow Settings                           ;
+-------------------+---------------------+
; Option            ; Setting             ;
+-------------------+---------------------+
; Start date & time ; 09/29/2017 20:19:25 ;
; Main task         ; Compilation         ;
; Revision Name     ; L3                  ;
+-------------------+---------------------+


+----------------------------------------------------------------------------------------------------------------------+
; Flow Non-Default Global Settings                                                                                     ;
+-------------------------------------+---------------------------------+---------------+-------------+----------------+
; Assignment Name                     ; Value                           ; Default Value ; Entity Name ; Section Id     ;
+-------------------------------------+---------------------------------+---------------+-------------+----------------+
; COMPILER_SIGNATURE_ID               ; 264390077223549.150670556403860 ; --            ; --          ; --             ;
; IP_TOOL_NAME                        ; LPM_ROM                         ; --            ; --          ; --             ;
; IP_TOOL_NAME                        ; LPM_ROM                         ; --            ; --          ; --             ;
; IP_TOOL_NAME                        ; LPM_RAM_DQ                      ; --            ; --          ; --             ;
; IP_TOOL_NAME                        ; LPM_FF                          ; --            ; --          ; --             ;
; IP_TOOL_NAME                        ; LPM_RAM_DQ                      ; --            ; --          ; --             ;
; IP_TOOL_NAME                        ; LPM_FF                          ; --            ; --          ; --             ;
; IP_TOOL_NAME                        ; LPM_RAM_DQ                      ; --            ; --          ; --             ;
; IP_TOOL_NAME                        ; LPM_ROM                         ; --            ; --          ; --             ;
; IP_TOOL_VERSION                     ; 9.1                             ; --            ; --          ; --             ;
; IP_TOOL_VERSION                     ; 9.1                             ; --            ; --          ; --             ;
; IP_TOOL_VERSION                     ; 9.1                             ; --            ; --          ; --             ;
; IP_TOOL_VERSION                     ; 9.1                             ; --            ; --          ; --             ;
; IP_TOOL_VERSION                     ; 9.1                             ; --            ; --          ; --             ;
; IP_TOOL_VERSION                     ; 9.1                             ; --            ; --          ; --             ;
; IP_TOOL_VERSION                     ; 9.1                             ; --            ; --          ; --             ;
; IP_TOOL_VERSION                     ; 9.1                             ; --            ; --          ; --             ;
; MISC_FILE                           ; lpm_rom0.bsf                    ; --            ; --          ; --             ;
; MISC_FILE                           ; lpm_rom0_inst.vhd               ; --            ; --          ; --             ;
; MISC_FILE                           ; lpm_rom0.inc                    ; --            ; --          ; --             ;
; MISC_FILE                           ; lpm_rom0.cmp                    ; --            ; --          ; --             ;
; MISC_FILE                           ; lpm_rom1.bsf                    ; --            ; --          ; --             ;
; MISC_FILE                           ; lpm_rom1_inst.vhd               ; --            ; --          ; --             ;
; MISC_FILE                           ; lpm_rom1.inc                    ; --            ; --          ; --             ;
; MISC_FILE                           ; lpm_rom1.cmp                    ; --            ; --          ; --             ;
; MISC_FILE                           ; lpm_ram_dq0.bsf                 ; --            ; --          ; --             ;
; MISC_FILE                           ; lpm_ram_dq0_inst.vhd            ; --            ; --          ; --             ;
; MISC_FILE                           ; lpm_ram_dq0.inc                 ; --            ; --          ; --             ;
; MISC_FILE                           ; lpm_ram_dq0.cmp                 ; --            ; --          ; --             ;
; MISC_FILE                           ; lpm_dff0.bsf                    ; --            ; --          ; --             ;
; MISC_FILE                           ; lpm_dff0_inst.vhd               ; --            ; --          ; --             ;
; MISC_FILE                           ; lpm_dff0.inc                    ; --            ; --          ; --             ;
; MISC_FILE                           ; lpm_dff0.cmp                    ; --            ; --          ; --             ;
; MISC_FILE                           ; lpm_ram_dq1.bsf                 ; --            ; --          ; --             ;
; MISC_FILE                           ; lpm_ram_dq1_inst.vhd            ; --            ; --          ; --             ;
; MISC_FILE                           ; lpm_ram_dq1.inc                 ; --            ; --          ; --             ;
; MISC_FILE                           ; lpm_ram_dq1.cmp                 ; --            ; --          ; --             ;
; MISC_FILE                           ; lpm_dff1.bsf                    ; --            ; --          ; --             ;
; MISC_FILE                           ; lpm_dff1_inst.vhd               ; --            ; --          ; --             ;
; MISC_FILE                           ; lpm_dff1.inc                    ; --            ; --          ; --             ;
; MISC_FILE                           ; lpm_dff1.cmp                    ; --            ; --          ; --             ;
; MISC_FILE                           ; lpm_ram_dq2.bsf                 ; --            ; --          ; --             ;
; MISC_FILE                           ; lpm_ram_dq2_inst.vhd            ; --            ; --          ; --             ;
; MISC_FILE                           ; lpm_ram_dq2.inc                 ; --            ; --          ; --             ;
; MISC_FILE                           ; lpm_ram_dq2.cmp                 ; --            ; --          ; --             ;
; MISC_FILE                           ; lpm_rom2.bsf                    ; --            ; --          ; --             ;
; MISC_FILE                           ; lpm_rom2_inst.vhd               ; --            ; --          ; --             ;
; MISC_FILE                           ; lpm_rom2.inc                    ; --            ; --          ; --             ;
; MISC_FILE                           ; lpm_rom2.cmp                    ; --            ; --          ; --             ;
; PARTITION_COLOR                     ; 16764057                        ; --            ; --          ; Top            ;
; PARTITION_FITTER_PRESERVATION_LEVEL ; PLACEMENT_AND_ROUTING           ; --            ; --          ; Top            ;
; PARTITION_NETLIST_TYPE              ; SOURCE                          ; --            ; --          ; Top            ;
; USE_GENERATED_PHYSICAL_CONSTRAINTS  ; Off                             ; --            ; --          ; eda_blast_fpga ;
+-------------------------------------+---------------------------------+---------------+-------------+----------------+


+--------------------------------------------------------------------------------------------------------------------------+
; Flow Elapsed Time                                                                                                        ;
+----------------------+--------------+-------------------------+---------------------+------------------------------------+
; Module Name          ; Elapsed Time ; Average Processors Used ; Peak Virtual Memory ; Total CPU Time (on all processors) ;
+----------------------+--------------+-------------------------+---------------------+------------------------------------+
; Analysis & Synthesis ; 00:00:02     ; 1.0                     ; 266 MB              ; 00:00:03                           ;
; Total                ; 00:00:02     ; --                      ; --                  ; 00:00:03                           ;
+----------------------+--------------+-------------------------+---------------------+------------------------------------+


+---------------------------------------------------------------------------------------+
; Flow OS Summary                                                                       ;
+----------------------+------------------+---------------+------------+----------------+
; Module Name          ; Machine Hostname ; OS Name       ; OS Version ; Processor type ;
+----------------------+------------------+---------------+------------+----------------+
; Analysis & Synthesis ; DESKTOP-QAMEKB6  ; Windows Vista ; 6.2        ; x86_64         ;
+----------------------+------------------+---------------+------------+----------------+


------------
; Flow Log ;
------------
quartus_map --read_settings_files=on --write_settings_files=off L3 -c L3



